CRITICAL - 2024-01-04 15:34:53 --> syntax error, unexpected token "elseif", expecting end of file
in APPPATH\Views\list\send-listresponse.php on line 502.
 1 SYSTEMPATH\View\View.php(216): CodeIgniter\View\View->CodeIgniter\View\{closure}()
 2 SYSTEMPATH\Common.php(1135): CodeIgniter\View\View->render('list/send-listresponse', [], true)
 3 APPPATH\Controllers\ListController.php(1719): view('list/send-listresponse', [...])
 4 SYSTEMPATH\CodeIgniter.php(925): App\Controllers\ListController->getSendListResponse('272')
 5 SYSTEMPATH\CodeIgniter.php(480): CodeIgniter\CodeIgniter->runController(Object(App\Controllers\ListController))
 6 SYSTEMPATH\CodeIgniter.php(349): CodeIgniter\CodeIgniter->handleRequest(null, Object(Config\Cache), false)
 7 FCPATH\index.php(67): CodeIgniter\CodeIgniter->run()
ERROR - 2024-01-04 16:03:06 --> mysqli_sql_exception: Operand should contain 1 column(s) in E:\xampp\htdocs\maxmite_projects\papermart\system\Database\MySQLi\Connection.php:292
Stack trace:
#0 E:\xampp\htdocs\maxmite_projects\papermart\system\Database\MySQLi\Connection.php(292): mysqli->query('INSERT INTO `wa...', 0)
#1 E:\xampp\htdocs\maxmite_projects\papermart\system\Database\BaseConnection.php(666): CodeIgniter\Database\MySQLi\Connection->execute('INSERT INTO `wa...')
#2 E:\xampp\htdocs\maxmite_projects\papermart\system\Database\BaseConnection.php(593): CodeIgniter\Database\BaseConnection->simpleQuery('INSERT INTO `wa...')
#3 E:\xampp\htdocs\maxmite_projects\papermart\system\Database\BaseBuilder.php(1916): CodeIgniter\Database\BaseConnection->query('INSERT INTO `wa...', Array, false)
#4 E:\xampp\htdocs\maxmite_projects\papermart\app\Models\Main_model.php(8): CodeIgniter\Database\BaseBuilder->insert(Array)
#5 E:\xampp\htdocs\maxmite_projects\papermart\app\Controllers\ListController.php(793): App\Models\Main_model->insert_table('wastpaper_quali...', Array)
#6 E:\xampp\htdocs\maxmite_projects\papermart\system\CodeIgniter.php(925): App\Controllers\ListController->submitList()
#7 E:\xampp\htdocs\maxmite_projects\papermart\system\CodeIgniter.php(480): CodeIgniter\CodeIgniter->runController(Object(App\Controllers\ListController))
#8 E:\xampp\htdocs\maxmite_projects\papermart\system\CodeIgniter.php(349): CodeIgniter\CodeIgniter->handleRequest(NULL, Object(Config\Cache), false)
#9 E:\xampp\htdocs\maxmite_projects\papermart\index.php(67): CodeIgniter\CodeIgniter->run()
#10 {main}
ERROR - 2024-01-04 16:49:40 --> mysqli_sql_exception: Column 'truck_ratio' cannot be null in E:\xampp\htdocs\maxmite_projects\papermart\system\Database\MySQLi\Connection.php:292
Stack trace:
#0 E:\xampp\htdocs\maxmite_projects\papermart\system\Database\MySQLi\Connection.php(292): mysqli->query('INSERT INTO `wa...', 0)
#1 E:\xampp\htdocs\maxmite_projects\papermart\system\Database\BaseConnection.php(666): CodeIgniter\Database\MySQLi\Connection->execute('INSERT INTO `wa...')
#2 E:\xampp\htdocs\maxmite_projects\papermart\system\Database\BaseConnection.php(593): CodeIgniter\Database\BaseConnection->simpleQuery('INSERT INTO `wa...')
#3 E:\xampp\htdocs\maxmite_projects\papermart\system\Database\BaseBuilder.php(1916): CodeIgniter\Database\BaseConnection->query('INSERT INTO `wa...', Array, false)
#4 E:\xampp\htdocs\maxmite_projects\papermart\app\Models\Main_model.php(8): CodeIgniter\Database\BaseBuilder->insert(Array)
#5 E:\xampp\htdocs\maxmite_projects\papermart\app\Controllers\ListController.php(793): App\Models\Main_model->insert_table('wastpaper_quali...', Array)
#6 E:\xampp\htdocs\maxmite_projects\papermart\system\CodeIgniter.php(925): App\Controllers\ListController->submitList()
#7 E:\xampp\htdocs\maxmite_projects\papermart\system\CodeIgniter.php(480): CodeIgniter\CodeIgniter->runController(Object(App\Controllers\ListController))
#8 E:\xampp\htdocs\maxmite_projects\papermart\system\CodeIgniter.php(349): CodeIgniter\CodeIgniter->handleRequest(NULL, Object(Config\Cache), false)
#9 E:\xampp\htdocs\maxmite_projects\papermart\index.php(67): CodeIgniter\CodeIgniter->run()
#10 {main}
ERROR - 2024-01-04 16:54:59 --> mysqli_sql_exception: Unknown column 'confirm_counter_status' in 'field list' in E:\xampp\htdocs\maxmite_projects\papermart\system\Database\MySQLi\Connection.php:292
Stack trace:
#0 E:\xampp\htdocs\maxmite_projects\papermart\system\Database\MySQLi\Connection.php(292): mysqli->query('UPDATE `respons...', 0)
#1 E:\xampp\htdocs\maxmite_projects\papermart\system\Database\BaseConnection.php(666): CodeIgniter\Database\MySQLi\Connection->execute('UPDATE `respons...')
#2 E:\xampp\htdocs\maxmite_projects\papermart\system\Database\BaseConnection.php(593): CodeIgniter\Database\BaseConnection->simpleQuery('UPDATE `respons...')
#3 E:\xampp\htdocs\maxmite_projects\papermart\system\Database\BaseBuilder.php(2079): CodeIgniter\Database\BaseConnection->query('UPDATE `respons...', Array, false)
#4 E:\xampp\htdocs\maxmite_projects\papermart\app\Models\Main_model.php(20): CodeIgniter\Database\BaseBuilder->update()
#5 E:\xampp\htdocs\maxmite_projects\papermart\app\Controllers\ListController.php(3299): App\Models\Main_model->update_table('response_specif...', Array, 'id='190' and ad...')
#6 E:\xampp\htdocs\maxmite_projects\papermart\system\CodeIgniter.php(925): App\Controllers\ListController->confirmcounterresponse_r()
#7 E:\xampp\htdocs\maxmite_projects\papermart\system\CodeIgniter.php(480): CodeIgniter\CodeIgniter->runController(Object(App\Controllers\ListController))
#8 E:\xampp\htdocs\maxmite_projects\papermart\system\CodeIgniter.php(349): CodeIgniter\CodeIgniter->handleRequest(NULL, Object(Config\Cache), false)
#9 E:\xampp\htdocs\maxmite_projects\papermart\index.php(67): CodeIgniter\CodeIgniter->run()
#10 {main}
CRITICAL - 2024-01-04 16:55:15 --> Undefined array key ""
in APPPATH\Views\list\confirm-sale.php on line 209.
 1 APPPATH\Views\list\confirm-sale.php(209): CodeIgniter\Debug\Exceptions->errorHandler(2, 'Undefined array key ""', 'APPPATH\\Views\\list\\confirm-sale.php', 209)
 2 SYSTEMPATH\View\View.php(213): include('APPPATH\\Views\\list\\confirm-sale.php')
 3 SYSTEMPATH\View\View.php(216): CodeIgniter\View\View->CodeIgniter\View\{closure}()
 4 SYSTEMPATH\Common.php(1135): CodeIgniter\View\View->render('list/confirm-sale', [], true)
 5 APPPATH\Controllers\ListController.php(2002): view('list/confirm-sale', [...])
 6 SYSTEMPATH\CodeIgniter.php(925): App\Controllers\ListController->getConfirmSaleResponse('206')
 7 SYSTEMPATH\CodeIgniter.php(480): CodeIgniter\CodeIgniter->runController(Object(App\Controllers\ListController))
 8 SYSTEMPATH\CodeIgniter.php(349): CodeIgniter\CodeIgniter->handleRequest(null, Object(Config\Cache), false)
 9 FCPATH\index.php(67): CodeIgniter\CodeIgniter->run()
CRITICAL - 2024-01-04 16:56:42 --> Undefined array key ""
in APPPATH\Views\list\confirm-sale.php on line 209.
 1 APPPATH\Views\list\confirm-sale.php(209): CodeIgniter\Debug\Exceptions->errorHandler(2, 'Undefined array key ""', 'APPPATH\\Views\\list\\confirm-sale.php', 209)
 2 SYSTEMPATH\View\View.php(213): include('APPPATH\\Views\\list\\confirm-sale.php')
 3 SYSTEMPATH\View\View.php(216): CodeIgniter\View\View->CodeIgniter\View\{closure}()
 4 SYSTEMPATH\Common.php(1135): CodeIgniter\View\View->render('list/confirm-sale', [], true)
 5 APPPATH\Controllers\ListController.php(2002): view('list/confirm-sale', [...])
 6 SYSTEMPATH\CodeIgniter.php(925): App\Controllers\ListController->getConfirmSaleResponse('206')
 7 SYSTEMPATH\CodeIgniter.php(480): CodeIgniter\CodeIgniter->runController(Object(App\Controllers\ListController))
 8 SYSTEMPATH\CodeIgniter.php(349): CodeIgniter\CodeIgniter->handleRequest(null, Object(Config\Cache), false)
 9 FCPATH\index.php(67): CodeIgniter\CodeIgniter->run()
CRITICAL - 2024-01-04 16:56:51 --> Undefined array key ""
in APPPATH\Views\list\confirm-sale.php on line 209.
 1 APPPATH\Views\list\confirm-sale.php(209): CodeIgniter\Debug\Exceptions->errorHandler(2, 'Undefined array key ""', 'APPPATH\\Views\\list\\confirm-sale.php', 209)
 2 SYSTEMPATH\View\View.php(213): include('APPPATH\\Views\\list\\confirm-sale.php')
 3 SYSTEMPATH\View\View.php(216): CodeIgniter\View\View->CodeIgniter\View\{closure}()
 4 SYSTEMPATH\Common.php(1135): CodeIgniter\View\View->render('list/confirm-sale', [], true)
 5 APPPATH\Controllers\ListController.php(2002): view('list/confirm-sale', [...])
 6 SYSTEMPATH\CodeIgniter.php(925): App\Controllers\ListController->getConfirmSaleResponse('206')
 7 SYSTEMPATH\CodeIgniter.php(480): CodeIgniter\CodeIgniter->runController(Object(App\Controllers\ListController))
 8 SYSTEMPATH\CodeIgniter.php(349): CodeIgniter\CodeIgniter->handleRequest(null, Object(Config\Cache), false)
 9 FCPATH\index.php(67): CodeIgniter\CodeIgniter->run()
CRITICAL - 2024-01-04 16:57:11 --> Undefined array key ""
in APPPATH\Views\list\confirm-sale.php on line 209.
 1 APPPATH\Views\list\confirm-sale.php(209): CodeIgniter\Debug\Exceptions->errorHandler(2, 'Undefined array key ""', 'APPPATH\\Views\\list\\confirm-sale.php', 209)
 2 SYSTEMPATH\View\View.php(213): include('APPPATH\\Views\\list\\confirm-sale.php')
 3 SYSTEMPATH\View\View.php(216): CodeIgniter\View\View->CodeIgniter\View\{closure}()
 4 SYSTEMPATH\Common.php(1135): CodeIgniter\View\View->render('list/confirm-sale', [], true)
 5 APPPATH\Controllers\ListController.php(2002): view('list/confirm-sale', [...])
 6 SYSTEMPATH\CodeIgniter.php(925): App\Controllers\ListController->getConfirmSaleResponse('206')
 7 SYSTEMPATH\CodeIgniter.php(480): CodeIgniter\CodeIgniter->runController(Object(App\Controllers\ListController))
 8 SYSTEMPATH\CodeIgniter.php(349): CodeIgniter\CodeIgniter->handleRequest(null, Object(Config\Cache), false)
 9 FCPATH\index.php(67): CodeIgniter\CodeIgniter->run()
CRITICAL - 2024-01-04 16:57:42 --> Undefined array key ""
in APPPATH\Views\list\confirm-sale.php on line 209.
 1 APPPATH\Views\list\confirm-sale.php(209): CodeIgniter\Debug\Exceptions->errorHandler(2, 'Undefined array key ""', 'APPPATH\\Views\\list\\confirm-sale.php', 209)
 2 SYSTEMPATH\View\View.php(213): include('APPPATH\\Views\\list\\confirm-sale.php')
 3 SYSTEMPATH\View\View.php(216): CodeIgniter\View\View->CodeIgniter\View\{closure}()
 4 SYSTEMPATH\Common.php(1135): CodeIgniter\View\View->render('list/confirm-sale', [], true)
 5 APPPATH\Controllers\ListController.php(2002): view('list/confirm-sale', [...])
 6 SYSTEMPATH\CodeIgniter.php(925): App\Controllers\ListController->getConfirmSaleResponse('206')
 7 SYSTEMPATH\CodeIgniter.php(480): CodeIgniter\CodeIgniter->runController(Object(App\Controllers\ListController))
 8 SYSTEMPATH\CodeIgniter.php(349): CodeIgniter\CodeIgniter->handleRequest(null, Object(Config\Cache), false)
 9 FCPATH\index.php(67): CodeIgniter\CodeIgniter->run()
CRITICAL - 2024-01-04 16:57:51 --> Undefined array key ""
in APPPATH\Views\list\confirm-sale.php on line 209.
 1 APPPATH\Views\list\confirm-sale.php(209): CodeIgniter\Debug\Exceptions->errorHandler(2, 'Undefined array key ""', 'APPPATH\\Views\\list\\confirm-sale.php', 209)
 2 SYSTEMPATH\View\View.php(213): include('APPPATH\\Views\\list\\confirm-sale.php')
 3 SYSTEMPATH\View\View.php(216): CodeIgniter\View\View->CodeIgniter\View\{closure}()
 4 SYSTEMPATH\Common.php(1135): CodeIgniter\View\View->render('list/confirm-sale', [], true)
 5 APPPATH\Controllers\ListController.php(2002): view('list/confirm-sale', [...])
 6 SYSTEMPATH\CodeIgniter.php(925): App\Controllers\ListController->getConfirmSaleResponse('206')
 7 SYSTEMPATH\CodeIgniter.php(480): CodeIgniter\CodeIgniter->runController(Object(App\Controllers\ListController))
 8 SYSTEMPATH\CodeIgniter.php(349): CodeIgniter\CodeIgniter->handleRequest(null, Object(Config\Cache), false)
 9 FCPATH\index.php(67): CodeIgniter\CodeIgniter->run()
CRITICAL - 2024-01-04 16:58:19 --> Undefined array key ""
in APPPATH\Views\list\confirm-sale.php on line 209.
 1 APPPATH\Views\list\confirm-sale.php(209): CodeIgniter\Debug\Exceptions->errorHandler(2, 'Undefined array key ""', 'APPPATH\\Views\\list\\confirm-sale.php', 209)
 2 SYSTEMPATH\View\View.php(213): include('APPPATH\\Views\\list\\confirm-sale.php')
 3 SYSTEMPATH\View\View.php(216): CodeIgniter\View\View->CodeIgniter\View\{closure}()
 4 SYSTEMPATH\Common.php(1135): CodeIgniter\View\View->render('list/confirm-sale', [], true)
 5 APPPATH\Controllers\ListController.php(2002): view('list/confirm-sale', [...])
 6 SYSTEMPATH\CodeIgniter.php(925): App\Controllers\ListController->getConfirmSaleResponse('206')
 7 SYSTEMPATH\CodeIgniter.php(480): CodeIgniter\CodeIgniter->runController(Object(App\Controllers\ListController))
 8 SYSTEMPATH\CodeIgniter.php(349): CodeIgniter\CodeIgniter->handleRequest(null, Object(Config\Cache), false)
 9 FCPATH\index.php(67): CodeIgniter\CodeIgniter->run()
CRITICAL - 2024-01-04 17:01:17 --> Undefined array key ""
in APPPATH\Views\list\confirm-sale.php on line 209.
 1 APPPATH\Views\list\confirm-sale.php(209): CodeIgniter\Debug\Exceptions->errorHandler(2, 'Undefined array key ""', 'APPPATH\\Views\\list\\confirm-sale.php', 209)
 2 SYSTEMPATH\View\View.php(213): include('APPPATH\\Views\\list\\confirm-sale.php')
 3 SYSTEMPATH\View\View.php(216): CodeIgniter\View\View->CodeIgniter\View\{closure}()
 4 SYSTEMPATH\Common.php(1135): CodeIgniter\View\View->render('list/confirm-sale', [], true)
 5 APPPATH\Controllers\ListController.php(2002): view('list/confirm-sale', [...])
 6 SYSTEMPATH\CodeIgniter.php(925): App\Controllers\ListController->getConfirmSaleResponse('206')
 7 SYSTEMPATH\CodeIgniter.php(480): CodeIgniter\CodeIgniter->runController(Object(App\Controllers\ListController))
 8 SYSTEMPATH\CodeIgniter.php(349): CodeIgniter\CodeIgniter->handleRequest(null, Object(Config\Cache), false)
 9 FCPATH\index.php(67): CodeIgniter\CodeIgniter->run()
CRITICAL - 2024-01-04 17:08:45 --> Undefined array key ""
in APPPATH\Views\list\confirm-sale.php on line 209.
 1 APPPATH\Views\list\confirm-sale.php(209): CodeIgniter\Debug\Exceptions->errorHandler(2, 'Undefined array key ""', 'APPPATH\\Views\\list\\confirm-sale.php', 209)
 2 SYSTEMPATH\View\View.php(213): include('APPPATH\\Views\\list\\confirm-sale.php')
 3 SYSTEMPATH\View\View.php(216): CodeIgniter\View\View->CodeIgniter\View\{closure}()
 4 SYSTEMPATH\Common.php(1135): CodeIgniter\View\View->render('list/confirm-sale', [], true)
 5 APPPATH\Controllers\ListController.php(2002): view('list/confirm-sale', [...])
 6 SYSTEMPATH\CodeIgniter.php(925): App\Controllers\ListController->getConfirmSaleResponse('206')
 7 SYSTEMPATH\CodeIgniter.php(480): CodeIgniter\CodeIgniter->runController(Object(App\Controllers\ListController))
 8 SYSTEMPATH\CodeIgniter.php(349): CodeIgniter\CodeIgniter->handleRequest(null, Object(Config\Cache), false)
 9 FCPATH\index.php(67): CodeIgniter\CodeIgniter->run()
CRITICAL - 2024-01-04 17:14:04 --> Undefined array key ""
in APPPATH\Views\list\confirm-sale.php on line 209.
 1 APPPATH\Views\list\confirm-sale.php(209): CodeIgniter\Debug\Exceptions->errorHandler(2, 'Undefined array key ""', 'APPPATH\\Views\\list\\confirm-sale.php', 209)
 2 SYSTEMPATH\View\View.php(213): include('APPPATH\\Views\\list\\confirm-sale.php')
 3 SYSTEMPATH\View\View.php(216): CodeIgniter\View\View->CodeIgniter\View\{closure}()
 4 SYSTEMPATH\Common.php(1135): CodeIgniter\View\View->render('list/confirm-sale', [], true)
 5 APPPATH\Controllers\ListController.php(2002): view('list/confirm-sale', [...])
 6 SYSTEMPATH\CodeIgniter.php(925): App\Controllers\ListController->getConfirmSaleResponse('206')
 7 SYSTEMPATH\CodeIgniter.php(480): CodeIgniter\CodeIgniter->runController(Object(App\Controllers\ListController))
 8 SYSTEMPATH\CodeIgniter.php(349): CodeIgniter\CodeIgniter->handleRequest(null, Object(Config\Cache), false)
 9 FCPATH\index.php(67): CodeIgniter\CodeIgniter->run()
CRITICAL - 2024-01-04 17:15:10 --> Undefined array key ""
in APPPATH\Views\list\confirm-sale.php on line 210.
 1 APPPATH\Views\list\confirm-sale.php(210): CodeIgniter\Debug\Exceptions->errorHandler(2, 'Undefined array key ""', 'APPPATH\\Views\\list\\confirm-sale.php', 210)
 2 SYSTEMPATH\View\View.php(213): include('APPPATH\\Views\\list\\confirm-sale.php')
 3 SYSTEMPATH\View\View.php(216): CodeIgniter\View\View->CodeIgniter\View\{closure}()
 4 SYSTEMPATH\Common.php(1135): CodeIgniter\View\View->render('list/confirm-sale', [], true)
 5 APPPATH\Controllers\ListController.php(2002): view('list/confirm-sale', [...])
 6 SYSTEMPATH\CodeIgniter.php(925): App\Controllers\ListController->getConfirmSaleResponse('206')
 7 SYSTEMPATH\CodeIgniter.php(480): CodeIgniter\CodeIgniter->runController(Object(App\Controllers\ListController))
 8 SYSTEMPATH\CodeIgniter.php(349): CodeIgniter\CodeIgniter->handleRequest(null, Object(Config\Cache), false)
 9 FCPATH\index.php(67): CodeIgniter\CodeIgniter->run()
CRITICAL - 2024-01-04 17:15:18 --> Undefined array key ""
in APPPATH\Views\list\confirm-sale.php on line 210.
 1 APPPATH\Views\list\confirm-sale.php(210): CodeIgniter\Debug\Exceptions->errorHandler(2, 'Undefined array key ""', 'APPPATH\\Views\\list\\confirm-sale.php', 210)
 2 SYSTEMPATH\View\View.php(213): include('APPPATH\\Views\\list\\confirm-sale.php')
 3 SYSTEMPATH\View\View.php(216): CodeIgniter\View\View->CodeIgniter\View\{closure}()
 4 SYSTEMPATH\Common.php(1135): CodeIgniter\View\View->render('list/confirm-sale', [], true)
 5 APPPATH\Controllers\ListController.php(2002): view('list/confirm-sale', [...])
 6 SYSTEMPATH\CodeIgniter.php(925): App\Controllers\ListController->getConfirmSaleResponse('206')
 7 SYSTEMPATH\CodeIgniter.php(480): CodeIgniter\CodeIgniter->runController(Object(App\Controllers\ListController))
 8 SYSTEMPATH\CodeIgniter.php(349): CodeIgniter\CodeIgniter->handleRequest(null, Object(Config\Cache), false)
 9 FCPATH\index.php(67): CodeIgniter\CodeIgniter->run()
CRITICAL - 2024-01-04 17:17:16 --> Undefined array key ""
in APPPATH\Views\list\confirm-sale.php on line 210.
 1 APPPATH\Views\list\confirm-sale.php(210): CodeIgniter\Debug\Exceptions->errorHandler(2, 'Undefined array key ""', 'APPPATH\\Views\\list\\confirm-sale.php', 210)
 2 SYSTEMPATH\View\View.php(213): include('APPPATH\\Views\\list\\confirm-sale.php')
 3 SYSTEMPATH\View\View.php(216): CodeIgniter\View\View->CodeIgniter\View\{closure}()
 4 SYSTEMPATH\Common.php(1135): CodeIgniter\View\View->render('list/confirm-sale', [], true)
 5 APPPATH\Controllers\ListController.php(2002): view('list/confirm-sale', [...])
 6 SYSTEMPATH\CodeIgniter.php(925): App\Controllers\ListController->getConfirmSaleResponse('206')
 7 SYSTEMPATH\CodeIgniter.php(480): CodeIgniter\CodeIgniter->runController(Object(App\Controllers\ListController))
 8 SYSTEMPATH\CodeIgniter.php(349): CodeIgniter\CodeIgniter->handleRequest(null, Object(Config\Cache), false)
 9 FCPATH\index.php(67): CodeIgniter\CodeIgniter->run()
CRITICAL - 2024-01-04 17:18:03 --> Undefined array key ""
in APPPATH\Views\list\confirm-sale.php on line 210.
 1 APPPATH\Views\list\confirm-sale.php(210): CodeIgniter\Debug\Exceptions->errorHandler(2, 'Undefined array key ""', 'APPPATH\\Views\\list\\confirm-sale.php', 210)
 2 SYSTEMPATH\View\View.php(213): include('APPPATH\\Views\\list\\confirm-sale.php')
 3 SYSTEMPATH\View\View.php(216): CodeIgniter\View\View->CodeIgniter\View\{closure}()
 4 SYSTEMPATH\Common.php(1135): CodeIgniter\View\View->render('list/confirm-sale', [], true)
 5 APPPATH\Controllers\ListController.php(2002): view('list/confirm-sale', [...])
 6 SYSTEMPATH\CodeIgniter.php(925): App\Controllers\ListController->getConfirmSaleResponse('206')
 7 SYSTEMPATH\CodeIgniter.php(480): CodeIgniter\CodeIgniter->runController(Object(App\Controllers\ListController))
 8 SYSTEMPATH\CodeIgniter.php(349): CodeIgniter\CodeIgniter->handleRequest(null, Object(Config\Cache), false)
 9 FCPATH\index.php(67): CodeIgniter\CodeIgniter->run()
CRITICAL - 2024-01-04 17:18:09 --> Undefined array key ""
in APPPATH\Views\list\confirm-sale.php on line 210.
 1 APPPATH\Views\list\confirm-sale.php(210): CodeIgniter\Debug\Exceptions->errorHandler(2, 'Undefined array key ""', 'APPPATH\\Views\\list\\confirm-sale.php', 210)
 2 SYSTEMPATH\View\View.php(213): include('APPPATH\\Views\\list\\confirm-sale.php')
 3 SYSTEMPATH\View\View.php(216): CodeIgniter\View\View->CodeIgniter\View\{closure}()
 4 SYSTEMPATH\Common.php(1135): CodeIgniter\View\View->render('list/confirm-sale', [], true)
 5 APPPATH\Controllers\ListController.php(2002): view('list/confirm-sale', [...])
 6 SYSTEMPATH\CodeIgniter.php(925): App\Controllers\ListController->getConfirmSaleResponse('206')
 7 SYSTEMPATH\CodeIgniter.php(480): CodeIgniter\CodeIgniter->runController(Object(App\Controllers\ListController))
 8 SYSTEMPATH\CodeIgniter.php(349): CodeIgniter\CodeIgniter->handleRequest(null, Object(Config\Cache), false)
 9 FCPATH\index.php(67): CodeIgniter\CodeIgniter->run()
CRITICAL - 2024-01-04 17:18:35 --> Undefined array key ""
in APPPATH\Views\list\confirm-sale.php on line 210.
 1 APPPATH\Views\list\confirm-sale.php(210): CodeIgniter\Debug\Exceptions->errorHandler(2, 'Undefined array key ""', 'APPPATH\\Views\\list\\confirm-sale.php', 210)
 2 SYSTEMPATH\View\View.php(213): include('APPPATH\\Views\\list\\confirm-sale.php')
 3 SYSTEMPATH\View\View.php(216): CodeIgniter\View\View->CodeIgniter\View\{closure}()
 4 SYSTEMPATH\Common.php(1135): CodeIgniter\View\View->render('list/confirm-sale', [], true)
 5 APPPATH\Controllers\ListController.php(2002): view('list/confirm-sale', [...])
 6 SYSTEMPATH\CodeIgniter.php(925): App\Controllers\ListController->getConfirmSaleResponse('206')
 7 SYSTEMPATH\CodeIgniter.php(480): CodeIgniter\CodeIgniter->runController(Object(App\Controllers\ListController))
 8 SYSTEMPATH\CodeIgniter.php(349): CodeIgniter\CodeIgniter->handleRequest(null, Object(Config\Cache), false)
 9 FCPATH\index.php(67): CodeIgniter\CodeIgniter->run()
CRITICAL - 2024-01-04 17:19:18 --> Undefined array key ""
in APPPATH\Views\list\confirm-sale.php on line 210.
 1 APPPATH\Views\list\confirm-sale.php(210): CodeIgniter\Debug\Exceptions->errorHandler(2, 'Undefined array key ""', 'APPPATH\\Views\\list\\confirm-sale.php', 210)
 2 SYSTEMPATH\View\View.php(213): include('APPPATH\\Views\\list\\confirm-sale.php')
 3 SYSTEMPATH\View\View.php(216): CodeIgniter\View\View->CodeIgniter\View\{closure}()
 4 SYSTEMPATH\Common.php(1135): CodeIgniter\View\View->render('list/confirm-sale', [], true)
 5 APPPATH\Controllers\ListController.php(2002): view('list/confirm-sale', [...])
 6 SYSTEMPATH\CodeIgniter.php(925): App\Controllers\ListController->getConfirmSaleResponse('206')
 7 SYSTEMPATH\CodeIgniter.php(480): CodeIgniter\CodeIgniter->runController(Object(App\Controllers\ListController))
 8 SYSTEMPATH\CodeIgniter.php(349): CodeIgniter\CodeIgniter->handleRequest(null, Object(Config\Cache), false)
 9 FCPATH\index.php(67): CodeIgniter\CodeIgniter->run()
CRITICAL - 2024-01-04 17:19:39 --> Undefined array key ""
in APPPATH\Views\list\confirm-sale.php on line 210.
 1 APPPATH\Views\list\confirm-sale.php(210): CodeIgniter\Debug\Exceptions->errorHandler(2, 'Undefined array key ""', 'APPPATH\\Views\\list\\confirm-sale.php', 210)
 2 SYSTEMPATH\View\View.php(213): include('APPPATH\\Views\\list\\confirm-sale.php')
 3 SYSTEMPATH\View\View.php(216): CodeIgniter\View\View->CodeIgniter\View\{closure}()
 4 SYSTEMPATH\Common.php(1135): CodeIgniter\View\View->render('list/confirm-sale', [], true)
 5 APPPATH\Controllers\ListController.php(2002): view('list/confirm-sale', [...])
 6 SYSTEMPATH\CodeIgniter.php(925): App\Controllers\ListController->getConfirmSaleResponse('206')
 7 SYSTEMPATH\CodeIgniter.php(480): CodeIgniter\CodeIgniter->runController(Object(App\Controllers\ListController))
 8 SYSTEMPATH\CodeIgniter.php(349): CodeIgniter\CodeIgniter->handleRequest(null, Object(Config\Cache), false)
 9 FCPATH\index.php(67): CodeIgniter\CodeIgniter->run()
CRITICAL - 2024-01-04 17:19:45 --> Undefined array key ""
in APPPATH\Views\list\confirm-sale.php on line 210.
 1 APPPATH\Views\list\confirm-sale.php(210): CodeIgniter\Debug\Exceptions->errorHandler(2, 'Undefined array key ""', 'APPPATH\\Views\\list\\confirm-sale.php', 210)
 2 SYSTEMPATH\View\View.php(213): include('APPPATH\\Views\\list\\confirm-sale.php')
 3 SYSTEMPATH\View\View.php(216): CodeIgniter\View\View->CodeIgniter\View\{closure}()
 4 SYSTEMPATH\Common.php(1135): CodeIgniter\View\View->render('list/confirm-sale', [], true)
 5 APPPATH\Controllers\ListController.php(2002): view('list/confirm-sale', [...])
 6 SYSTEMPATH\CodeIgniter.php(925): App\Controllers\ListController->getConfirmSaleResponse('206')
 7 SYSTEMPATH\CodeIgniter.php(480): CodeIgniter\CodeIgniter->runController(Object(App\Controllers\ListController))
 8 SYSTEMPATH\CodeIgniter.php(349): CodeIgniter\CodeIgniter->handleRequest(null, Object(Config\Cache), false)
 9 FCPATH\index.php(67): CodeIgniter\CodeIgniter->run()
ERROR - 2024-01-04 17:20:36 --> mysqli_sql_exception: Column 'truck_ratio' cannot be null in E:\xampp\htdocs\maxmite_projects\papermart\system\Database\MySQLi\Connection.php:292
Stack trace:
#0 E:\xampp\htdocs\maxmite_projects\papermart\system\Database\MySQLi\Connection.php(292): mysqli->query('INSERT INTO `wa...', 0)
#1 E:\xampp\htdocs\maxmite_projects\papermart\system\Database\BaseConnection.php(666): CodeIgniter\Database\MySQLi\Connection->execute('INSERT INTO `wa...')
#2 E:\xampp\htdocs\maxmite_projects\papermart\system\Database\BaseConnection.php(593): CodeIgniter\Database\BaseConnection->simpleQuery('INSERT INTO `wa...')
#3 E:\xampp\htdocs\maxmite_projects\papermart\system\Database\BaseBuilder.php(1916): CodeIgniter\Database\BaseConnection->query('INSERT INTO `wa...', Array, false)
#4 E:\xampp\htdocs\maxmite_projects\papermart\app\Models\Main_model.php(8): CodeIgniter\Database\BaseBuilder->insert(Array)
#5 E:\xampp\htdocs\maxmite_projects\papermart\app\Controllers\ListController.php(793): App\Models\Main_model->insert_table('wastpaper_quali...', Array)
#6 E:\xampp\htdocs\maxmite_projects\papermart\system\CodeIgniter.php(925): App\Controllers\ListController->submitList()
#7 E:\xampp\htdocs\maxmite_projects\papermart\system\CodeIgniter.php(480): CodeIgniter\CodeIgniter->runController(Object(App\Controllers\ListController))
#8 E:\xampp\htdocs\maxmite_projects\papermart\system\CodeIgniter.php(349): CodeIgniter\CodeIgniter->handleRequest(NULL, Object(Config\Cache), false)
#9 E:\xampp\htdocs\maxmite_projects\papermart\index.php(67): CodeIgniter\CodeIgniter->run()
#10 {main}
ERROR - 2024-01-04 17:22:05 --> mysqli_sql_exception: Unknown column 'confirm_counter_status' in 'field list' in E:\xampp\htdocs\maxmite_projects\papermart\system\Database\MySQLi\Connection.php:292
Stack trace:
#0 E:\xampp\htdocs\maxmite_projects\papermart\system\Database\MySQLi\Connection.php(292): mysqli->query('UPDATE `respons...', 0)
#1 E:\xampp\htdocs\maxmite_projects\papermart\system\Database\BaseConnection.php(666): CodeIgniter\Database\MySQLi\Connection->execute('UPDATE `respons...')
#2 E:\xampp\htdocs\maxmite_projects\papermart\system\Database\BaseConnection.php(593): CodeIgniter\Database\BaseConnection->simpleQuery('UPDATE `respons...')
#3 E:\xampp\htdocs\maxmite_projects\papermart\system\Database\BaseBuilder.php(2079): CodeIgniter\Database\BaseConnection->query('UPDATE `respons...', Array, false)
#4 E:\xampp\htdocs\maxmite_projects\papermart\app\Models\Main_model.php(20): CodeIgniter\Database\BaseBuilder->update()
#5 E:\xampp\htdocs\maxmite_projects\papermart\app\Controllers\ListController.php(3299): App\Models\Main_model->update_table('response_specif...', Array, 'id='191' and ad...')
#6 E:\xampp\htdocs\maxmite_projects\papermart\system\CodeIgniter.php(925): App\Controllers\ListController->confirmcounterresponse_r()
#7 E:\xampp\htdocs\maxmite_projects\papermart\system\CodeIgniter.php(480): CodeIgniter\CodeIgniter->runController(Object(App\Controllers\ListController))
#8 E:\xampp\htdocs\maxmite_projects\papermart\system\CodeIgniter.php(349): CodeIgniter\CodeIgniter->handleRequest(NULL, Object(Config\Cache), false)
#9 E:\xampp\htdocs\maxmite_projects\papermart\index.php(67): CodeIgniter\CodeIgniter->run()
#10 {main}
CRITICAL - 2024-01-04 17:23:05 --> Undefined array key ""
in APPPATH\Views\list\confirm-sale.php on line 210.
 1 APPPATH\Views\list\confirm-sale.php(210): CodeIgniter\Debug\Exceptions->errorHandler(2, 'Undefined array key ""', 'APPPATH\\Views\\list\\confirm-sale.php', 210)
 2 SYSTEMPATH\View\View.php(213): include('APPPATH\\Views\\list\\confirm-sale.php')
 3 SYSTEMPATH\View\View.php(216): CodeIgniter\View\View->CodeIgniter\View\{closure}()
 4 SYSTEMPATH\Common.php(1135): CodeIgniter\View\View->render('list/confirm-sale', [], true)
 5 APPPATH\Controllers\ListController.php(2002): view('list/confirm-sale', [...])
 6 SYSTEMPATH\CodeIgniter.php(925): App\Controllers\ListController->getConfirmSaleResponse('207')
 7 SYSTEMPATH\CodeIgniter.php(480): CodeIgniter\CodeIgniter->runController(Object(App\Controllers\ListController))
 8 SYSTEMPATH\CodeIgniter.php(349): CodeIgniter\CodeIgniter->handleRequest(null, Object(Config\Cache), false)
 9 FCPATH\index.php(67): CodeIgniter\CodeIgniter->run()
CRITICAL - 2024-01-04 17:23:37 --> Undefined array key ""
in APPPATH\Views\list\confirm-sale.php on line 210.
 1 APPPATH\Views\list\confirm-sale.php(210): CodeIgniter\Debug\Exceptions->errorHandler(2, 'Undefined array key ""', 'APPPATH\\Views\\list\\confirm-sale.php', 210)
 2 SYSTEMPATH\View\View.php(213): include('APPPATH\\Views\\list\\confirm-sale.php')
 3 SYSTEMPATH\View\View.php(216): CodeIgniter\View\View->CodeIgniter\View\{closure}()
 4 SYSTEMPATH\Common.php(1135): CodeIgniter\View\View->render('list/confirm-sale', [], true)
 5 APPPATH\Controllers\ListController.php(2002): view('list/confirm-sale', [...])
 6 SYSTEMPATH\CodeIgniter.php(925): App\Controllers\ListController->getConfirmSaleResponse('207')
 7 SYSTEMPATH\CodeIgniter.php(480): CodeIgniter\CodeIgniter->runController(Object(App\Controllers\ListController))
 8 SYSTEMPATH\CodeIgniter.php(349): CodeIgniter\CodeIgniter->handleRequest(null, Object(Config\Cache), false)
 9 FCPATH\index.php(67): CodeIgniter\CodeIgniter->run()
ERROR - 2024-01-04 17:24:29 --> mysqli_sql_exception: Column 'truck_ratio' cannot be null in E:\xampp\htdocs\maxmite_projects\papermart\system\Database\MySQLi\Connection.php:292
Stack trace:
#0 E:\xampp\htdocs\maxmite_projects\papermart\system\Database\MySQLi\Connection.php(292): mysqli->query('INSERT INTO `wa...', 0)
#1 E:\xampp\htdocs\maxmite_projects\papermart\system\Database\BaseConnection.php(666): CodeIgniter\Database\MySQLi\Connection->execute('INSERT INTO `wa...')
#2 E:\xampp\htdocs\maxmite_projects\papermart\system\Database\BaseConnection.php(593): CodeIgniter\Database\BaseConnection->simpleQuery('INSERT INTO `wa...')
#3 E:\xampp\htdocs\maxmite_projects\papermart\system\Database\BaseBuilder.php(1916): CodeIgniter\Database\BaseConnection->query('INSERT INTO `wa...', Array, false)
#4 E:\xampp\htdocs\maxmite_projects\papermart\app\Models\Main_model.php(8): CodeIgniter\Database\BaseBuilder->insert(Array)
#5 E:\xampp\htdocs\maxmite_projects\papermart\app\Controllers\ListController.php(793): App\Models\Main_model->insert_table('wastpaper_quali...', Array)
#6 E:\xampp\htdocs\maxmite_projects\papermart\system\CodeIgniter.php(925): App\Controllers\ListController->submitList()
#7 E:\xampp\htdocs\maxmite_projects\papermart\system\CodeIgniter.php(480): CodeIgniter\CodeIgniter->runController(Object(App\Controllers\ListController))
#8 E:\xampp\htdocs\maxmite_projects\papermart\system\CodeIgniter.php(349): CodeIgniter\CodeIgniter->handleRequest(NULL, Object(Config\Cache), false)
#9 E:\xampp\htdocs\maxmite_projects\papermart\index.php(67): CodeIgniter\CodeIgniter->run()
#10 {main}
CRITICAL - 2024-01-04 17:27:57 --> Trying to access array offset on value of type null
in APPPATH\Views\list\confirm-sale.php on line 133.
 1 APPPATH\Views\list\confirm-sale.php(133): CodeIgniter\Debug\Exceptions->errorHandler(2, 'Trying to access array offset on value of type null', 'APPPATH\\Views\\list\\confirm-sale.php', 133)
 2 SYSTEMPATH\View\View.php(213): include('APPPATH\\Views\\list\\confirm-sale.php')
 3 SYSTEMPATH\View\View.php(216): CodeIgniter\View\View->CodeIgniter\View\{closure}()
 4 SYSTEMPATH\Common.php(1135): CodeIgniter\View\View->render('list/confirm-sale', [], true)
 5 APPPATH\Controllers\ListController.php(2002): view('list/confirm-sale', [...])
 6 SYSTEMPATH\CodeIgniter.php(925): App\Controllers\ListController->getConfirmSaleResponse('207')
 7 SYSTEMPATH\CodeIgniter.php(480): CodeIgniter\CodeIgniter->runController(Object(App\Controllers\ListController))
 8 SYSTEMPATH\CodeIgniter.php(349): CodeIgniter\CodeIgniter->handleRequest(null, Object(Config\Cache), false)
 9 FCPATH\index.php(67): CodeIgniter\CodeIgniter->run()
CRITICAL - 2024-01-04 17:29:38 --> Trying to access array offset on value of type null
in APPPATH\Views\list\confirm-sale.php on line 133.
 1 APPPATH\Views\list\confirm-sale.php(133): CodeIgniter\Debug\Exceptions->errorHandler(2, 'Trying to access array offset on value of type null', 'APPPATH\\Views\\list\\confirm-sale.php', 133)
 2 SYSTEMPATH\View\View.php(213): include('APPPATH\\Views\\list\\confirm-sale.php')
 3 SYSTEMPATH\View\View.php(216): CodeIgniter\View\View->CodeIgniter\View\{closure}()
 4 SYSTEMPATH\Common.php(1135): CodeIgniter\View\View->render('list/confirm-sale', [], true)
 5 APPPATH\Controllers\ListController.php(2002): view('list/confirm-sale', [...])
 6 SYSTEMPATH\CodeIgniter.php(925): App\Controllers\ListController->getConfirmSaleResponse('207')
 7 SYSTEMPATH\CodeIgniter.php(480): CodeIgniter\CodeIgniter->runController(Object(App\Controllers\ListController))
 8 SYSTEMPATH\CodeIgniter.php(349): CodeIgniter\CodeIgniter->handleRequest(null, Object(Config\Cache), false)
 9 FCPATH\index.php(67): CodeIgniter\CodeIgniter->run()
CRITICAL - 2024-01-04 17:29:57 --> Trying to access array offset on value of type null
in APPPATH\Views\list\confirm-sale.php on line 133.
 1 APPPATH\Views\list\confirm-sale.php(133): CodeIgniter\Debug\Exceptions->errorHandler(2, 'Trying to access array offset on value of type null', 'APPPATH\\Views\\list\\confirm-sale.php', 133)
 2 SYSTEMPATH\View\View.php(213): include('APPPATH\\Views\\list\\confirm-sale.php')
 3 SYSTEMPATH\View\View.php(216): CodeIgniter\View\View->CodeIgniter\View\{closure}()
 4 SYSTEMPATH\Common.php(1135): CodeIgniter\View\View->render('list/confirm-sale', [], true)
 5 APPPATH\Controllers\ListController.php(2002): view('list/confirm-sale', [...])
 6 SYSTEMPATH\CodeIgniter.php(925): App\Controllers\ListController->getConfirmSaleResponse('207')
 7 SYSTEMPATH\CodeIgniter.php(480): CodeIgniter\CodeIgniter->runController(Object(App\Controllers\ListController))
 8 SYSTEMPATH\CodeIgniter.php(349): CodeIgniter\CodeIgniter->handleRequest(null, Object(Config\Cache), false)
 9 FCPATH\index.php(67): CodeIgniter\CodeIgniter->run()
CRITICAL - 2024-01-04 17:30:06 --> Trying to access array offset on value of type null
in APPPATH\Views\list\confirm-sale.php on line 133.
 1 APPPATH\Views\list\confirm-sale.php(133): CodeIgniter\Debug\Exceptions->errorHandler(2, 'Trying to access array offset on value of type null', 'APPPATH\\Views\\list\\confirm-sale.php', 133)
 2 SYSTEMPATH\View\View.php(213): include('APPPATH\\Views\\list\\confirm-sale.php')
 3 SYSTEMPATH\View\View.php(216): CodeIgniter\View\View->CodeIgniter\View\{closure}()
 4 SYSTEMPATH\Common.php(1135): CodeIgniter\View\View->render('list/confirm-sale', [], true)
 5 APPPATH\Controllers\ListController.php(2002): view('list/confirm-sale', [...])
 6 SYSTEMPATH\CodeIgniter.php(925): App\Controllers\ListController->getConfirmSaleResponse('207')
 7 SYSTEMPATH\CodeIgniter.php(480): CodeIgniter\CodeIgniter->runController(Object(App\Controllers\ListController))
 8 SYSTEMPATH\CodeIgniter.php(349): CodeIgniter\CodeIgniter->handleRequest(null, Object(Config\Cache), false)
 9 FCPATH\index.php(67): CodeIgniter\CodeIgniter->run()
CRITICAL - 2024-01-04 17:30:18 --> Trying to access array offset on value of type null
in APPPATH\Views\list\confirm-sale.php on line 133.
 1 APPPATH\Views\list\confirm-sale.php(133): CodeIgniter\Debug\Exceptions->errorHandler(2, 'Trying to access array offset on value of type null', 'APPPATH\\Views\\list\\confirm-sale.php', 133)
 2 SYSTEMPATH\View\View.php(213): include('APPPATH\\Views\\list\\confirm-sale.php')
 3 SYSTEMPATH\View\View.php(216): CodeIgniter\View\View->CodeIgniter\View\{closure}()
 4 SYSTEMPATH\Common.php(1135): CodeIgniter\View\View->render('list/confirm-sale', [], true)
 5 APPPATH\Controllers\ListController.php(2002): view('list/confirm-sale', [...])
 6 SYSTEMPATH\CodeIgniter.php(925): App\Controllers\ListController->getConfirmSaleResponse('207')
 7 SYSTEMPATH\CodeIgniter.php(480): CodeIgniter\CodeIgniter->runController(Object(App\Controllers\ListController))
 8 SYSTEMPATH\CodeIgniter.php(349): CodeIgniter\CodeIgniter->handleRequest(null, Object(Config\Cache), false)
 9 FCPATH\index.php(67): CodeIgniter\CodeIgniter->run()
ERROR - 2024-01-04 17:33:49 --> mysqli_sql_exception: Column 'truck_ratio' cannot be null in E:\xampp\htdocs\maxmite_projects\papermart\system\Database\MySQLi\Connection.php:292
Stack trace:
#0 E:\xampp\htdocs\maxmite_projects\papermart\system\Database\MySQLi\Connection.php(292): mysqli->query('INSERT INTO `wa...', 0)
#1 E:\xampp\htdocs\maxmite_projects\papermart\system\Database\BaseConnection.php(666): CodeIgniter\Database\MySQLi\Connection->execute('INSERT INTO `wa...')
#2 E:\xampp\htdocs\maxmite_projects\papermart\system\Database\BaseConnection.php(593): CodeIgniter\Database\BaseConnection->simpleQuery('INSERT INTO `wa...')
#3 E:\xampp\htdocs\maxmite_projects\papermart\system\Database\BaseBuilder.php(1916): CodeIgniter\Database\BaseConnection->query('INSERT INTO `wa...', Array, false)
#4 E:\xampp\htdocs\maxmite_projects\papermart\app\Models\Main_model.php(8): CodeIgniter\Database\BaseBuilder->insert(Array)
#5 E:\xampp\htdocs\maxmite_projects\papermart\app\Controllers\ListController.php(793): App\Models\Main_model->insert_table('wastpaper_quali...', Array)
#6 E:\xampp\htdocs\maxmite_projects\papermart\system\CodeIgniter.php(925): App\Controllers\ListController->submitList()
#7 E:\xampp\htdocs\maxmite_projects\papermart\system\CodeIgniter.php(480): CodeIgniter\CodeIgniter->runController(Object(App\Controllers\ListController))
#8 E:\xampp\htdocs\maxmite_projects\papermart\system\CodeIgniter.php(349): CodeIgniter\CodeIgniter->handleRequest(NULL, Object(Config\Cache), false)
#9 E:\xampp\htdocs\maxmite_projects\papermart\index.php(67): CodeIgniter\CodeIgniter->run()
#10 {main}
